[23:57:03] [main/INFO]: Setting user: Player949
[23:57:05] [Client thread/INFO]: LWJGL Version: 2.9.1
[23:57:09] [Client thread/INFO]: Reloading ResourceManager: Default, FMLFileResourcePack:Forge Mod Loader, FMLFileResourcePack:Minecraft Forge, FMLFileResourcePack:Better Chest
[23:57:10] [Sound Library Loader/INFO]: Sound engine started
[23:57:12] [Client thread/INFO]: Created: 512x256 textures/blocks-atlas
[23:57:12] [Client thread/ERROR]: Using missing texture, unable to load minecraft:textures/items/MISSING_ICON_ITEM_4096_chestWall.png
java.io.FileNotFoundException: minecraft:textures/items/MISSING_ICON_ITEM_4096_chestWall.png
	at net.minecraft.client.resources.FallbackResourceManager.getResource(FallbackResourceManager.java:65) ~[FallbackResourceManager.class:?]
	at net.minecraft.client.resources.SimpleReloadableResourceManager.getResource(SimpleReloadableResourceManager.java:67) ~[SimpleReloadableResourceManager.class:?]
	at net.minecraft.client.renderer.texture.TextureMap.loadTextureAtlas(TextureMap.java:126) [TextureMap.class:?]
	at net.minecraft.client.renderer.texture.TextureMap.loadTexture(TextureMap.java:91) [TextureMap.class:?]
	at net.minecraft.client.renderer.texture.TextureManager.loadTexture(TextureManager.java:89) [TextureManager.class:?]
	at net.minecraft.client.renderer.texture.TextureManager.loadTickableTexture(TextureManager.java:71) [TextureManager.class:?]
	at net.minecraft.client.renderer.texture.TextureManager.loadTextureMap(TextureManager.java:58) [TextureManager.class:?]
	at net.minecraft.client.Minecraft.startGame(Minecraft.java:583) [Minecraft.class:?]
	at net.minecraft.client.Minecraft.run(Minecraft.java:931) [Minecraft.class:?]
	at net.minecraft.client.main.Main.main(Main.java:164) [Main.class:?]
	at sun.reflect.NativeMethodAccessorImpl.invoke0(Native Method) ~[?:1.8.0_144]
	at sun.reflect.NativeMethodAccessorImpl.invoke(NativeMethodAccessorImpl.java:62) ~[?:1.8.0_144]
	at sun.reflect.DelegatingMethodAccessorImpl.invoke(DelegatingMethodAccessorImpl.java:43) ~[?:1.8.0_144]
	at java.lang.reflect.Method.invoke(Method.java:498) ~[?:1.8.0_144]
	at net.minecraft.launchwrapper.Launch.launch(Launch.java:135) [launchwrapper-1.11.jar:?]
	at net.minecraft.launchwrapper.Launch.main(Launch.java:28) [launchwrapper-1.11.jar:?]
	at net.minecraftforge.gradle.GradleStartCommon.launch(Unknown Source) [start/:?]
	at GradleStart.main(Unknown Source) [start/:?]
[23:57:12] [Client thread/INFO]: Created: 256x256 textures/items-atlas
[23:57:13] [Client thread/INFO]: Reloading ResourceManager: Default, FMLFileResourcePack:Forge Mod Loader, FMLFileResourcePack:Minecraft Forge, FMLFileResourcePack:Better Chest
[23:57:13] [Client thread/INFO]: Created: 512x256 textures/blocks-atlas
[23:57:13] [Client thread/ERROR]: Using missing texture, unable to load minecraft:textures/items/MISSING_ICON_ITEM_4096_chestWall.png
java.io.FileNotFoundException: minecraft:textures/items/MISSING_ICON_ITEM_4096_chestWall.png
	at net.minecraft.client.resources.FallbackResourceManager.getResource(FallbackResourceManager.java:65) ~[FallbackResourceManager.class:?]
	at net.minecraft.client.resources.SimpleReloadableResourceManager.getResource(SimpleReloadableResourceManager.java:67) ~[SimpleReloadableResourceManager.class:?]
	at net.minecraft.client.renderer.texture.TextureMap.loadTextureAtlas(TextureMap.java:126) [TextureMap.class:?]
	at net.minecraft.client.renderer.texture.TextureMap.loadTexture(TextureMap.java:91) [TextureMap.class:?]
	at net.minecraft.client.renderer.texture.TextureManager.loadTexture(TextureManager.java:89) [TextureManager.class:?]
	at net.minecraft.client.renderer.texture.TextureManager.onResourceManagerReload(TextureManager.java:170) [TextureManager.class:?]
	at net.minecraft.client.resources.SimpleReloadableResourceManager.notifyReloadListeners(SimpleReloadableResourceManager.java:134) [SimpleReloadableResourceManager.class:?]
	at net.minecraft.client.resources.SimpleReloadableResourceManager.reloadResources(SimpleReloadableResourceManager.java:118) [SimpleReloadableResourceManager.class:?]
	at net.minecraft.client.Minecraft.refreshResources(Minecraft.java:643) [Minecraft.class:?]
	at cpw.mods.fml.client.FMLClientHandler.finishMinecraftLoading(FMLClientHandler.java:303) [FMLClientHandler.class:?]
	at net.minecraft.client.Minecraft.startGame(Minecraft.java:586) [Minecraft.class:?]
	at net.minecraft.client.Minecraft.run(Minecraft.java:931) [Minecraft.class:?]
	at net.minecraft.client.main.Main.main(Main.java:164) [Main.class:?]
	at sun.reflect.NativeMethodAccessorImpl.invoke0(Native Method) ~[?:1.8.0_144]
	at sun.reflect.NativeMethodAccessorImpl.invoke(NativeMethodAccessorImpl.java:62) ~[?:1.8.0_144]
	at sun.reflect.DelegatingMethodAccessorImpl.invoke(DelegatingMethodAccessorImpl.java:43) ~[?:1.8.0_144]
	at java.lang.reflect.Method.invoke(Method.java:498) ~[?:1.8.0_144]
	at net.minecraft.launchwrapper.Launch.launch(Launch.java:135) [launchwrapper-1.11.jar:?]
	at net.minecraft.launchwrapper.Launch.main(Launch.java:28) [launchwrapper-1.11.jar:?]
	at net.minecraftforge.gradle.GradleStartCommon.launch(Unknown Source) [start/:?]
	at GradleStart.main(Unknown Source) [start/:?]
[23:57:13] [Client thread/INFO]: Created: 256x256 textures/items-atlas
[23:57:14] [Sound Library Loader/INFO]: Sound engine started
[23:57:32] [Client thread/INFO]: Realms library version == 1.3.5
[23:57:32] [MCO Availability Checker #1/ERROR]: Couldn't connect to realms: 
[23:57:36] [Server thread/INFO]: Starting integrated minecraft server version 1.7.10
[23:57:36] [Server thread/INFO]: Generating keypair
[23:57:37] [Server thread/INFO]: Preparing start region for level 0
[23:57:38] [Server thread/INFO]: Changing view distance to 8, from 10
[23:57:38] [Server thread/INFO]: Player949[local:E:5d1befdb] logged in with entity id 477 at (26.5, 65.0, 125.5)
[23:57:38] [Server thread/INFO]: Player949 joined the game
[23:57:40] [Server thread/INFO]: Player949 has just earned the achievement [Taking Inventory]
[23:57:40] [Client thread/INFO]: [CHAT] Player949 has just earned the achievement [Taking Inventory]
[23:57:48] [Server thread/INFO]: [Player949: Set own game mode to Survival Mode]
[23:57:48] [Client thread/INFO]: [CHAT] Your game mode has been updated
[23:58:47] [Server thread/INFO]: Saving and pausing game...
[23:58:47] [Server thread/INFO]: Saving chunks for level 'New World'/Overworld
[23:58:47] [Server thread/INFO]: Saving chunks for level 'New World'/Nether
[23:58:47] [Server thread/INFO]: Saving chunks for level 'New World'/The End
[23:58:48] [Client thread/INFO]: Stopping!
[23:58:48] [Server thread/INFO]: Stopping server
[23:58:48] [Server thread/INFO]: Saving players
[23:58:48] [Server thread/INFO]: Saving worlds
[23:58:48] [Server thread/INFO]: Saving chunks for level 'New World'/Overworld
[23:58:48] [Server thread/INFO]: Saving chunks for level 'New World'/Nether
[23:58:48] [Server thread/INFO]: Saving chunks for level 'New World'/The End
